SQL> SET LINESIZE 300
SQL> /*
 * Task 3
 */
SQL> CREATE USER SCOTT IDENTIFIED BY PASSWORD;

User SCOTT created.

SQL> -- Question 3.1 
SQL> GRANT SELECT, INSERT, UPDATE ON TEACHES TO SCOTT;

Grant succeeded.

SQL> -- Question 3.2
SQL> GRANT CREATE TABLE TO SCOTT;

Grant succeeded.

SQL> GRANT REFERENCES (CODE) ON RUNNINGSUBJECT TO SCOTT;

Grant succeeded.

SQL> -- Question 3.3
SQL> CREATE OR REPLACE VIEW VIEW_3_3 AS
  SELECT * FROM ACADEMIC WHERE ACADEMIC.STAFF# IN (
    SELECT LECTURER FROM TEACHES WHERE CODE IN (
      'CSCI235',
      'CSCI204',
      'CSCI124'
    )
  );

View VIEW_3_3 created.

SQL> GRANT SELECT ON VIEW_3_3 TO SCOTT;

Grant succeeded.

SQL> SPOOL OFF;
