SQL> -- 1.
SQL> INSERT INTO PROJECT (P#, TITLE, BUDGET, STARTD, ENDD) VALUES (8, 'New Project', NULL, CURRENT_DATE, CURRENT_DATE + 100);

1 row inserted.

SQL> -- 2.
SQL> UPDATE EMPLOYEE SET DNAME='ACCOUNTING', CITY='NEW YORK', STREET#=30, BLDG#=123, LEVEL#=99  WHERE E#=7698;

1 row updated.

SQL> -- 3.
SQL> ALTER TABLE EMPLOYEE DROP CONSTRAINT EMPLOYEE_FKEY1;

Table EMPLOYEE altered.

SQL> ALTER TABLE EMPLOYEE DROP CONSTRAINT EMPLOYEE_FKEY2;

Table EMPLOYEE altered.

SQL> ALTER TABLE DEPTLOC DROP CONSTRAINT DEPTLOC_FKEY;

Table DEPTLOC altered.

SQL> DELETE FROM DEPARTMENT WHERE DNAME='TRANSPORT';

1 row deleted.

SQL> DELETE FROM DEPTLOC WHERE DNAME='TRANSPORT';

1 row deleted.

SQL> DELETE FROM EMPLOYEE WHERE DNAME='TRANSPORT';

3 rows deleted.

SQL> SPOOL OFF;
