SQL> -- 1. add information about a manager of each project, assume that information 
SQL> -- about all managers must be included in a relational table EMPLOYEE,
SQL> ALTER TABLE PROJECT
  ADD MANAGER# NUMBER(4);

Table PROJECT altered.

SQL> -- 2. add information about the hobbies possessed by the employees; an employee
SQL> -- possesses one or more hobbies, and a hobby is possessed by zero or more employees
SQL> CREATE TABLE HOBBIES(
  H# INTEGER NOT NULL,
  HobbyName VARCHAR(70) NOT NULL,
  
  CONSTRAINT HobbiesPKey1 PRIMARY KEY (H#)
);

Table HOBBIES created.

SQL> CREATE TABLE EMPLOYEEHOBBIES(
  H# INTEGER NOT NULL,
  E# NUMBER(4) NOT NULL,
  
  CONSTRAINT EmployeeHobbiesPKey1 PRIMARY KEY (H#, E#),
  
  FOREIGN KEY(H#) REFERENCES HOBBIES(H#),
  FOREIGN KEY(E#) REFERENCES EMPLOYEE(E#)
);

Table EMPLOYEEHOBBIES created.

SQL> -- 3. remove information about the budgets of departments.
SQL> ALTER TABLE DEPARTMENT DROP COLUMN BUDGET;

Table DEPARTMENT altered.

SQL> SPOOL OFF;
