SQL> SET TRANSACTION ISOLATION LEVEL SERIALIZABLE;

Transaction ISOLATION succeeded.

SQL> SET SERVEROUTPUT ON
SQL> BEGIN
    
  UPDATE POSITION SET POSITION.BONUS = 0
    WHERE POSITION.BONUS IS NULL;
    
  DBMS_LOCK.SLEEP(10);
    
  UPDATE POSITION SET POSITION.BONUS = POSITION.BONUS * 1.05;

  COMMIT;

END;
/

PL/SQL procedure successfully completed.

SQL> SELECT * FROM POSITION;

   PNUMBER TITLE                              SALARY
---------- ------------------------------ ----------
EXTRAS                                                  BONUS
-------------------------------------------------- ----------
SPECIFICATION
--------------------------------------------------------------------------------
ENAME                                                                          
--------------------------------------------------------------------------------
         1 lecturer                            45000 
computer                                                    0 
teaching                                                                        
University of New South Wales                                                   


   PNUMBER TITLE                              SALARY
---------- ------------------------------ ----------
EXTRAS                                                  BONUS
-------------------------------------------------- ----------
SPECIFICATION
--------------------------------------------------------------------------------
ENAME                                                                          
--------------------------------------------------------------------------------
         2 lecturer                           450000 
mouse pad                                              525000 
research                                                                        
University of Wollongong                                                        


   PNUMBER TITLE                              SALARY
---------- ------------------------------ ----------
EXTRAS                                                  BONUS
-------------------------------------------------- ----------
SPECIFICATION
--------------------------------------------------------------------------------
ENAME                                                                          
--------------------------------------------------------------------------------
         3 senior lecturer                     50000 
a lot of red markers                                        0 
a lot of hard work                                                              
University of Technology, Sydney                                                


   PNUMBER TITLE                              SALARY
---------- ------------------------------ ----------
EXTRAS                                                  BONUS
-------------------------------------------------- ----------
SPECIFICATION
--------------------------------------------------------------------------------
ENAME                                                                          
--------------------------------------------------------------------------------
         4 associate professor                200000 
silver pen                                                  0 
teaching                                                                        
University of Wollongong                                                        


   PNUMBER TITLE                              SALARY
---------- ------------------------------ ----------
EXTRAS                                                  BONUS
-------------------------------------------------- ----------
SPECIFICATION
--------------------------------------------------------------------------------
ENAME                                                                          
--------------------------------------------------------------------------------
         5 professor                          200000 
chair                                                       0 
research                                                                        
University of Queensland                                                        


   PNUMBER TITLE                              SALARY
---------- ------------------------------ ----------
EXTRAS                                                  BONUS
-------------------------------------------------- ----------
SPECIFICATION
--------------------------------------------------------------------------------
ENAME                                                                          
--------------------------------------------------------------------------------
         6 professor                          100000 
chair and desk                                              0 
research                                                                        
University of New South Wales                                                   


   PNUMBER TITLE                              SALARY
---------- ------------------------------ ----------
EXTRAS                                                  BONUS
-------------------------------------------------- ----------
SPECIFICATION
--------------------------------------------------------------------------------
ENAME                                                                          
--------------------------------------------------------------------------------
         7 professor                          800000 
chair                                                       0 
teaching and research                                                           
University of Wollongong                                                        


   PNUMBER TITLE                              SALARY
---------- ------------------------------ ----------
EXTRAS                                                  BONUS
-------------------------------------------------- ----------
SPECIFICATION
--------------------------------------------------------------------------------
ENAME                                                                          
--------------------------------------------------------------------------------
         8 senior lecturer                     45000 
computer                                               105000 
teaching                                                                        
University of Wollongong                                                        


   PNUMBER TITLE                              SALARY
---------- ------------------------------ ----------
EXTRAS                                                  BONUS
-------------------------------------------------- ----------
SPECIFICATION
--------------------------------------------------------------------------------
ENAME                                                                          
--------------------------------------------------------------------------------
         9 lecturer                           450000 
mouse pad                                              525000 
research                                                                        
University of Wollongong                                                        


   PNUMBER TITLE                              SALARY
---------- ------------------------------ ----------
EXTRAS                                                  BONUS
-------------------------------------------------- ----------
SPECIFICATION
--------------------------------------------------------------------------------
ENAME                                                                          
--------------------------------------------------------------------------------
        10 associate professor                 50000 
a lot of red markers                                        0 
a lot of hard work                                                              
University of Technology, Sydney                                                


 10 rows selected 

SQL> SPOOL OFF;
