SQL> 
SQL> CREATE DATABASE LINK "DB.DATA-PC07" CONNECT TO jm617 IDENTIFIED BY Bh43B4 USING 'data-pc07';

Database link created.

SQL> 
SQL> CREATE TABLE EMPLOYEE AS (SELECT * FROM EMPLOYEE@"DB.DATA-PC07");

Table created.

SQL> CREATE TABLE DRIVER AS (SELECT * FROM DRIVER@"DB.DATA-PC07");

Table created.

SQL> CREATE TABLE ADMIN AS (SELECT * FROM ADMIN@"DB.DATA-PC07");

Table created.

SQL> CREATE TABLE TRUCK AS (SELECT * FROM TRUCK@"DB.DATA-PC07");

Table created.

SQL> CREATE TABLE TRIP AS (SELECT * FROM TRIP@"DB.DATA-PC07");

Table created.

SQL> CREATE TABLE TRIPLEG AS (SELECT * FROM TRIPLEG@"DB.DATA-PC07");

Table created.

SQL> CREATE TABLE SKILL AS (SELECT * FROM SKILL@"DB.DATA-PC07");

Table created.

SQL> CREATE TABLE SKILLREQUIRED AS (SELECT * FROM SKILLREQUIRED@"DB.DATA-PC07");

Table created.

SQL> CREATE TABLE SKILLPOSSESSED AS (SELECT * FROM SKILLPOSSESSED@"DB.DATA-PC07");

Table created.

SQL> 
SQL> DELETE FROM ADMIN WHERE E# IN (SELECT E# FROM EMPLOYEE WHERE STATE NOT IN ('WA', 'Vic', 'Tas'));

1 row deleted.

SQL> DELETE FROM DRIVER WHERE E# IN (SELECT E# FROM EMPLOYEE WHERE STATE NOT IN ('WA', 'Vic', 'Tas'));

16 rows deleted.

SQL> DELETE FROM EMPLOYEE WHERE STATE NOT IN ('WA', 'Vic', 'Tas');

17 rows deleted.

SQL> 
SQL> SPOOL OFF;
