SQL> SET ECHO ON
SQL> SET LINESIZE 200
SQL> SET WRAP OFF
SQL> DROP TABLE APPLIES PURGE;

Table APPLIES dropped.

SQL> DROP TABLE SNEEDED PURGE;

Table SNEEDED dropped.

SQL> DROP TABLE POSITION PURGE;

Table POSITION dropped.

SQL> DROP TABLE SPOSSESSED PURGE;

Table SPOSSESSED dropped.

SQL> DROP TABLE EMPLBY PURGE;

Table EMPLBY dropped.

SQL> DROP TABLE EMPLOYER PURGE;

Table EMPLOYER dropped.

SQL> DROP TABLE APPLICANT PURGE;

Table APPLICANT dropped.

SQL> DROP TABLE SKILL PURGE;

Table SKILL dropped.

SQL> PROMPT Done.
Done.
SQL> SPOOL  OFF
SP2-0768: Illegal SPOOL command
Usage: SPO[OL] { <file> | OFF | OUT }
where <file> is file_name[.ext] [CRE[ATE]|REP[LACE]|APP[END]]
